[  0000000] Initializing cgroup subsys cpuset
[    0.000000] Initializing cgroup subsys cpu
[    0.000000] Initializing cgroup subsys cpuacct
[    0.000000] Linux version 4.4.0-34-generic (buildd@lgw01-20) (gcc rsn 5.3.1 20160413 (Ubuntu 5.3.1-14ubuntu2.1) ) #53-Ubuntu SMP Wed Jul 27 16:06:39 UTC 2016 (Ubuntu 4.4.0-34.53-generic 4.4.15)
[    0.000000] Command line: BOOT_IMAGE=/boot/vmlinuz-4.4.0-34-generic root=LABEL=cloudimg-rootfs ro console=tty1 console=ttyS0
[    0.000000] KERNEL supported cpus:
[    0.000000]   Intel GenuineIntel
[    0.000000]   AMD AuthenticAMD
[    0.000000]   Centaur CentaurHauls
[    0.000000] x86/fpu: xstate_offset[2]:  576, xstate_sizes[2]:  256
[    0.000000] x86/fpu: Supporting XSAVE feature 0x01: 'x87 floating point registers'
[    0.000000] x86/fpu: Supporting XSAVE feature 0x02: 'SSE registers'
[    0.000000] x86/fpu: Supporting XSAVE feature 0x04: 'AVX registers'
[    0.000000] x86/fpu: Enabled xstate features 0x7, context size is 832 bytes, using 'standard' format.
[    0.000000] x86/fpu: Using 'lazy' FPU context switches.
[    0.000000] e820: BIOS-provided physical RAM map:
[    0.000000] BIOS-e820: [mem 0x0000000000000000-0x000000000009fbff] usable
[    0.000000] BOS82 [mem 0x000000000009fc00-0x000000000009ffff] reserved
[    0.000000] BIOS-e820: [mem 0x00000000000f0000-0x00000000000fffff] reserved
[    0.000000] BIOS-e820: [mem 0x0000000000100000-0x000000003ffeffff] usable
[    0.000000] BIOS-e820: [mem 0x000000003fff0000-0x000000003fffffff] ACPI data
[    0.000000] BIOS-e820: [mem 0x00000000fffc0000-0x00000000ffffffff] reserved
[    0.000000] NX (Execute Disable) protection: active
[    0.000000] SMBIOS 2.5 present.
[    0.000000] Hypervisor detecte K
[   .00000] e820: last_pfn = 0x3fff0 max_arch_pfn = 0x400000000
[    0.000000] x86/PAT: Configuration [0-7]: WB  WC  UC- UC  WB  WC  UC- WT  
[    0.000000] MTRR: Disabled
[    0.000000] CPU MTRRs all blank - virtualized system.
[    0.000000] found SMP MP-table at [mem 0x0009fff0-0x0009ffff] mapped at [ffff88000009fff0]
[    0.000000] Scanning 1 areas for low memory corruption
[    0.000000] RAMDISK: [mem 0x371d4000-0x378e1fff]
[    0.000000] ACPI: Early table checksum verification disabled
[    0.000000] ACPI: RSDP 0x00000000000E0000 000024 (v02 VBOX  )
[    0.000000] ACPI: XSDT 0x000000003FFF0030 00003C (v01 VBOX   VBOXXSDT 00000001 ASL  00000061)
[    0.000000] ACPI: FACP 0x000000003FFF00F0 0000F4 (v04 VBOX   VBOXFACP 00000001 ASL  00000061)
[    0.000000] ACPI: DSDT 0x000000003FFF0470 002118 (v01 VBOX   VBOXBIOS 00000002 INTL 20160108)
[    0.000000] ACPI: FACS 0x000000003FFF0200 000040
[    0.000000] ACPI: FACS 0x000000003FFF0200 000040
[    0.000000] ACPI: APIC 0x000000003FFF0240 00005C (v02 VBOX   VBOXAPIC 00000001 ASL  00000061)
[    0.000000] ACPI: SSDT 0x000000003FFF02A0 0001CC (v01 VBOX   VBOXCPUT 00000002 INTL 20160108)
[    0.000000] No NUMA configuration found
[    0.000000] Faking a node at [mem 0x0000000000000000-0x000000003ffeffff]
[    0.000000] NODE_DATA(0) allocated [mem 0x3ffeb000-0x3ffeffff]
[    0.000 kvm-clock: Usinmss 4b64d01 an 4564d00
[    0.000000] kvm-clock: cpu 0, msr 0:3ffe701 pmary cpu clock
[    0.000000] kvm-clock: using sched offset of 3125894041 cycles
[    0.000000] clocksource: kvm-clock: mask: 0xffffffffffffffff max_cycles: 0x1cd42e4dffb, max_idle_ns: 881590591483 ns
[    0.000000] Zone ranges:
[    0.000000]   DMA      [mem 0x0000000000001000-0x0000000000ffffff]
[    0.000000]   DMA32    [mem 0x0000000001000000-0x000000003ffeffff]
[    0.000000]   Normal   empty
[    0.000000]   Device   empty
[    0.000000] Movable zone start for each node
[    0.000000] Early memory node ranges
[    0.000000]   node   0: [mem 0x0000000000001000-0x000000000009efff]
[    0.000000]   node   0: [mem 0x0000000000100000-0x000000003ffeffff]
[    0.000000] Initmem setup node 0 [mem 0x0000000000001000-0x000000003ffeffff]
[    0.000000] ACPI: PM-Timer IO Port: 0x4008
[    0.000000] IOAPIC[0]: apic_id 2, version 17, address 0xfec00000, GSI 0-23
[    0.000000] ACPI: INT_SRCVR (s bus_irq 0 global_irq 2 dfl dfl)
[    0.000000] ACPI: INT_SRC_OVR (bus 0 bus_irq 9 global_irq 9 high level)
[    0.000000] Using ACPI (MADT) for SMP configuration information
[    0.000000] smpboot: Allowing 2 CPUs, 0 hotplug CPUs
[    0.000000] PM: Registered nosave memory: [mem 0x00000000-0x00000fff]
[    0.000000] PM: Registered nosave memory: [mem 0x0009f000-0x0009ffff]
[    0.000000] PM: Registered nosave memory: [mem 0x000a0000-0x000effff]
[    0.000000] PM: Registered nosave memory: [mem 0x000f0000-0x000fffff]
[    0.000000] e820: [mem 0x40000000-0xfffbffff] available for PCI devices
[    0.000000] Booting paravirtualized kernel on KVM
[    0.000000] clocksource: refined-jiffies: mask: 0xffffffff max_ycles: 0xfffffff, x_idle_ns: 7645519600211568 ns
[    0.000000] setup_percpu: R_US256 _cmask_bits:256 nr_cpu_ids:2 nr_node_ids:1
[    0.000000] PERCPU: Embedded 33 pages/cpu @ffff88003fc00000 s98008 r8192 d28968 u1048576
[    0.000000] PV qspinlk as table entrie: 6 order: 0, 4096 bytes)
[    0.000000] Built 1 zonelists in Node order, mobility grouping on.  Total pages: 257913
[    0.000000] Policy zone: DMA32
[    0.000000] Kernel command line: BOOT_IMAGE=/boot/vmlinuz-4.4.0-34-generic root=LABEL=cloudimg-rootfs ro console=tty1 console=ttyS0
[    0.000000] PID hash table entries: 4096 (order: 3, 32768 bytes)
[    0.000000] Memory: 100541/18120K available (84Kernel de1282K rwta, 3944K rodata, 1480K init, 1292K bss, 42704K reserved, 0K cma-reserved)
[    0.000000] SLUB: HWalign=64, Order=0-3, MinObjects=0, CPUs=2, Nodes=1
[    0.000000] Hierarchical RCU implementation.
[    0.000000] 	Build-time adjustment of leaf fanout to 64.
[    0.000000] 	RCU rstctng CP fm NR_CPUS=256 to nr_cpu_ids=2.
[    0.000000] RCU: Adjusting geometry for rcu_fanout_leaf=64, nr_cpu_ids=2
[    0.000000] NR_IRQS:16640 nr_irqs:440 16
[    0.000000] Console: colour VGA+ 80x25
[    0.000000] console [tty1] enabled
[    0.000000] console [ttyS0] enabled
[    0.000000] tsc: Detected 3192.746 MHz processor
[    2.328098] Calibrating delay loop (skipped) preset value.. 6385.49 BogoMIPS (lpj=12770984)
[    2.391597] pid_max: default: 32768 minimum: 301
[    2.412605] ACPI: Core revision 20150930
[    2.421420] ACPI: 2 ACPI AML tables successfully acquired and loaded
[    2.422447] Security Framework initialized
[    2.423127] Yama: becoming mindful.
[    2.423715] AppArmor: AppArmor initialized
[    2.424420] Dentry cache hash table entries: 131072 (order: 8, 1048576 bytes)
[    2.425535] Inode-cache hash table entries: 65536 (order: 7, 524288 bytes)
[    2.426998] Mount-cache hash table entries: 2048 (order: 2, 16384 bytes)
[    2.437219] Mountpoint-cache hash table entries: 2048 (order: 2, 16384 bytes)
[    2.438312] Initializing cgroup subsys io
[    2.438985] Initializing cgroup subsys memory
[    2.439681] Initializing cgroup subsys devices
[    2.440358] Initializing cgroup subsys freezer
[    2.441030] Initializing cgroup subsys net_cls
[    2.441704] Initializing cgroup subsys perf_event
[    2.442404] Initializing cgroup subsys net_prio
[    2.443139] Initializing cgroup subsys hugetlb
[    2.443796] Initializing cgroup subsys pids
[    2.444494] CPU: Physical Processor ID: 0
[    2.475651] CPU: Processor Core ID: 0
[    2.476548] mce: CPU supports 0 MCE banks
[    2.477219] Last level iTLB entries: 4KB 512, 2MB 8, 4MB 8
[    2.483386] Last level dTLB entries: 4KB 512, 2MB 32, 4MB 32, 1GB 0
[    2.486100] Freeing SMP alternatives memory: 28K (ffffffff820b4000 - ffffffff820bb000)
[    2.494875] ftrace: allocating 31994 entries in 125 pages
[    2.567355] smpboot: Max logical packages: 1
[    2.573295] smpboot: APIC(0) Converting physical 0 to logical package 0
[    2.583521] ..TIMER: vector=0x30 apic1=0 pin1=2 apic2=-1 pin2=-1
[    2.703414] smpboot: CPU0: Intel(R) Core(TM) i5-3470 CPU @ 3.20GHz (family: 0x6, model: 0x3a, stepping: 0x9)
[    2.707927] Performance Events: unsupported p6 CPU model 58 no PMU driver, software events only.
[    2.709376] KVM setup paravirtual spinlock
[    2.716481] x86: Booting SMP configuration:
[    2.717134] .... node  #0, CPUs:      #1
[    2.717937] kvm-clock: cpu 1, msr 0:3ffe7041, secondary cpu clock
[    2.720168] mce: CPU supports 0 MCE banks
[    2.722544] x86: Booted up 1 node, 2 CPUs
[    2.724445] smpboot: Total of 2 processors activated (12770.98 BogoMIPS)
[    2.747884] devtmpfs: initialized
[    2.749862] evm: security.selinux
[    2.750457] evm: security.SMACK64
[    2.751032] evm: security.SMACK64EXEC
[    2.751621] evm: security.SMACK64TRANSMUTE
[    2.752258] evm: security.SMACK64MMAP
[    2.752838] evm: security.ima
[    2.758655] evm: security.capability
[    2.759537] clocksource: jiffies: mask: 0xffffffff max_cycles: 0xffffffff, max_idle_ns: 7645041785100000 ns
[    2.761046] pinctrl core: initialized pinctrl subsystem
[    2.761991] RTC time: 14:14:55, date: 08/25/16
[    2.764297] NET: Registered protocol family 16
[    2.779170] cpuidle: using governor ladder
[    2.815279] cpuidle: using governor menu
[    2.815918] PCCT header not found.
[    2.816552] ACPI: bus type PCI registered
[    2.817182] acpiphp: ACPI Hot Plug PCI Controller Driver version: 0.5
[    2.818296] PCI: Using configuration type 1 for base access
[    2.832461] ACPI: Added _OSI(Module Device)
[    2.851762] ACPI: Added _OSI(Processor Device)
[    2.859056] ACPI: Added _OSI(3.0 _SCP Extensions)
[    2.859760] ACPI: Added _OSI(Processor Aggregator Device)
[    2.861105] ACPI: Executed 1 blocks of module-level executable AML code
[    2.863693] ACPI: Interpreter enabled
[    2.864270] ACPI Exception: AE_NOT_FOUND, While evaluating Sleep State [\_S1_] (20150930/hwxface-580)
[    2.865703] ACPI Exception: AE_NOT_FOUND, While evaluating Sleep State [\_S2_] (20150930/hwxface-580)
[    2.937172] ACPI Exception: AE_NOT_FOUND, While evaluating Sleep State [\_S3_] (20150930/hwxface-580)
[    3.019347] ACPI Exception: AE_NOT_FOUND, While evaluating Sleep State [\_S4_] (20150930/hwxface-580)
[    3.230987] ACPI: (supports S0 S5)
[    3.231572] ACPI: Using IOAPIC for interrupt routing
[    3.232460] PCI: Using host bridge windows from ACPI; if necessary, use "pci=nocrs" and report a bug
[    3.236753] ACPI: PCI Root Bridge [PCI0] (domain 0000 [bus 00-ff])
[    3.350659] acpi PNP0A03:00: _OSC: OS supports [ASPM ClockPM Segments MSI]
[    3.351584] acpi PNP0A03:00: _OSC failed (AE_NOT_FOUND); disabling ASPM
[    3.352441] acpi PNP0A03:00: fail to add MMCONFIG information, can't access extended PCI configuration space under this bridge.
[    3.381713] PCI host bridge to bus 0000:00
[    3.382367] pci_bus 0000:00: root bus resource [io  0x0000-0x0cf7 window]
[    3.383308] pci_bus 0000:00: root bus resource [io  0x0d00-0xffff window]
[    3.384246] pci_bus 0000:00: root bus resource [mem 0x000a0000-0x000bffff window]
[    3.385419] pci_bus 0000:00: root bus resource [mem 0x40000000-0xffdfffff window]
[    3.386704] pci_bus 0000:00: root bus resource [bus 00-ff]
[    3.449823] pci 0000:00:01.1: legacy IDE quirk: reg 0x10: [io  0x01f0-0x01f7]
[    3.488217] pci 0000:00:01.1: legacy IDE quirk: reg 0x14: [io  0x03f6]
[    3.489083] pci 0000:00:01.1: legacy IDE quirk: reg 0x18: [io  0x0170-0x0177]
[    3.490000] pci 0000:00:01.1: legacy IDE quirk: reg 0x1c: [io  0x0376]
[    3.508049] ACPI: PCI Interrupt Link [LNKA] (IRQs 5 9 10 11) *0, disabled.
[    3.647966] ACPI: PCI Interrupt Link [LNKB] (IRQs 5 9 10 *11)
[    3.661631] ACPI: PCI Interrupt Link [LNKC] (IRQs 5 9 *10 11)
[    3.675533] ACPI: PCI Interrupt Link [LNKD] (IRQs 5 *9 10 11)
[    3.682192] ACPI: Enabled 2 GPEs in block 00 to 07
[    3.751879] vgaarb: setting as boot device: PCI:0000:00:02.0
[    3.827760] vgaarb: device added: PCI:0000:00:02.0,decodes=io+mem,owns=io+mem,locks=none
[    3.850995] vgaarb: loaded
[    3.851505] vgaarb: bridge control possible 0000:00:02.0
[    3.852487] SCSI subsystem initialized
[    3.853301] ACPI: bus type USB registered
[    3.853936] usbcore: registered new interface driver usbfs
[    3.854723] usbcore: registered new interface driver hub
[    3.856620] usbcore: registered new device driver usb
[    3.857777] PCI: Using ACPI for IRQ routing
[    3.900704] NetLabel: Initializing
[    3.901303] NetLabel:  domain hash size = 128
[    3.901955] NetLabel:  protocols = UNLABELED CIPSOv4
[    3.902815] NetLabel:  unlabeled traffic allowed by default
[    3.910301] clocksource: Switched to clocksource kvm-clock
[    3.917136] AppArmor: AppArmor Filesystem Enabled
[    3.937025] pnp: PnP ACPI init
[   9320pn P AI:ou 3eves
[  453853] cloksource: acpi_pm: mask: 0xffffff max_cycles: 0xffffff, max_idle_ns: 2085701024 ns
[    4.579703] NET: Registered protocol family 2
[    4.580680] TCP established hash table entries: 8192 (order: 4, 65536 bytes)
[    4.666947] TCP bind hash table entries: 8192 (order: 5, 131072 bytes)
[    4.667827] TCP: Hash tables configured (established 8192 bind 8192)
[    4.668698] UDP hash table entries: 512 (order: 2, 16384 bytes)
[    4.669508] UDP-Lite hash table entries: 512 (order: 2, 16384 bytes)
[    4.670403] NET: Registered protocol family 1
[    4.671632] pci 0000:00:00.0: Limiting direct PCI/PCI transfers
[    4.673091] pci 0000:00:01.0: Activating ISA DMA hang workarounds
[    4.674733] Trying to unpack rootfs image as initramfs..

[    5.741720] Freeing initrd memory: 7224K (ffff8800371d4000 - ffff8800378e2000)
[    5.767344] RAPL PMU detected, API unit is 2^-32 Joules, 3 fixed counters 10737418240 ms ovfl timer
[    5.768641] hw unit of domain pp0-core 2^-0 Joules
[    5.769339] hw unit of domain package 2^-0 Joules
[    5.770027] hw unit of domain pp1-gpu 2^-0 Joules
[    5.770868] platform rtc_cmos: registered platform RTC device (no PNP device found)
[    5.772027] Scanning for low memory corruption every 60 seconds
[    5.773355] futex hash table entries: 512 (order: 3, 32768 bytes)
[    5.774214] audit: initializing netlink subsys (disabled)
[    5.775071] audit: type=2000 audit(1472134500.191:1): initialized
[    5.776143] Initialise system trusted keyring
[    5.777182] HugeTLB registered 2 MB page size, pre-allocated 0 pages
[    5.968049] zbud: loaded
[    5.968898] VFS: Disk quotas dquot_6.6.0
[    5.969550] VFS: Dquot-cache hash table entries: 512 (order 0, 4096 bytes)
[    6.037454] squashfs: version 4.0 (2009/01/31) Phillip Lougher
[    6.038607] fuse init (API version 7.23)
[    6.039387] Key type big_key registered
[    6.040020] Allocating IMA MOK and blacklist keyrings.
[    6.041880] Key type asymmetric registered
[    6.042695] Asymmetric key parser 'x509' registered
[    6.043459] Block layer SCSI generic (bsg) driver version 0.4 loaded (major 249)
[    6.044696] io scheduler noop registered
[    6.045337] io scheduler deadline registered (default)
[    6.046118] io scheduler cfq registered
[    6.166874] pci_hotplug: PCI Hot Plug PCI Core version: 0.5
[    6.177162] pciehp: PCI Express Hot Plug Controller Driver version: 0.4
[    6.207229] ACPI: AC Adapter [AC] (on-line)
[    6.207931] input: Power Button as /devices/LNXSYSTM:00/LNXPWRBN:00/input/input0
[    6.209078] ACPI: Power Button [PWRF]
[    6.209779] input: Sleep Button as /devices/LNXSYSTM:00/LNXSLPBN:00/input/input1
[    6.211143] ACPI: Sleep Button [SLPF]
[    6.217149] GHES: HEST is not enabled!
[    6.217916] Serial: 8250/16550 driver, 32 ports, IRQ sharing enabled
[    6.241345] 00:02: ttyS0 at I/O 0x3f8 (irq = 4, base_baud = 115200) is a 16550A
[    6.348224] Linux agpgart interface v0.103
[    6.351943] brd: module loaded
[    6.353889] loop: module loaded
[    6.407601] scsi host0: ata_piix
[    6.408386] scsi host1: ata_piix
[    6.408964] ata1: PATA max UDMA/33 cmd 0x1f0 ctl 0x3f6 bmdma 0xd000 irq 14
[    6.409848] ata2: PATA max UDMA/33 cmd 0x170 ctl 0x376 bmdma 0xd008 irq 15
[    6.410939] libphy: Fixed MDIO Bus: probed
[    6.411793] tun: Universal TUN/TAP device driver, 1.6
[    6.412523] tun: (C) 1999-2004 Max Krasnyansky <maxk@qualcomm.com>
[    6.413407] PPP generic driver version 2.4.2
[    6.414150] ehci_hcd: USB 2.0 'Enhanced' Host Controleer (EHCI) Driver
[    6.576822] ehci-pci: EHCI PCI platform driver
[    6.627121] ehci-platform: EHCI generic platform driver
[    6.627919] ohci_hcd: USB 1.1 'Open' Host Controller (OHCI) Driver
[    6.632986] ohci-pci: OHCI PCI platform driver
[    6.633669] ohci-platform: OHCI generic platform driver
[    6.634432] uhci_hcd: USB Universal Host Controller Interface driver
[    6.635386] i8042: PNP: PS/2 Controller [PNP0303:PS2K,PNP0f03:PS2M] at 0x60,0x64 irq 1,12
[    6.637085] serio: i8042 KBD port at 0x60,0x64 irq 1
[    6.637835] serio: i8042 AUX port at 0x60,0x64 irq 12
[    6.638714] mousedev: PS/2 mouse device common for all mice
[    6.640006] rtc_cmos rtc_cmos: rtc core: registered rtc_cmos as rtc0
[    6.641052] rtc_cmos rtc_cmos: alarms up to one day, 114 bytes nvram
[    7.006927] i2c /dev entries driver
[    7.007646] input: AT Translated Set 2 keyboard as /devices/platform/i8042/serio0/input/input2
[    7.009017] device-mapper: uevent: version 1.0.3
[    7.009892] device-mapper: ioctl: 4.34.0-ioctl (2015-10-28) initialised: dm-devel@redhat.com
[    7.010369] tsc: Refined TSC clocksource calibration: 3191.311 MHz
[    7.010370] clocksource: tsc: mask: 0xffffffffffffffff max_cycles: 0x2e00398bc7f, max_idle_ns: 440795210613 ns
[    7.368249] ledtrig-cpu: registered to indicate activity on CPUs
[    7.369745] NET: Registered protocol family 10
[    7.387393] NET: Registered protocol family 17
[    7.388060] Key type dns_resolver registered
[    7.388929] microcode: CPU0 sig=0x306a9, pf=0x2, revision=0x19
[    7.389759] microcode: CPU1 sig=0x306a9, pf=0x2, revision=0x19
[    7.390583] microcode: Microcode Update Driver: v2.01 <tigran@aivazian.fsnet.co.uk>, Peter Oruba
[    7.397702] registered taskstats version 1
[    7.398342] Loading compiled-in X.509 certificates
[    7.399672] Loaded X.509 cert 'Build time autogenerated kernel key: c40ffa48d8617ce4553ee3ab59017c95e74f2501'
[    7.401073] zswap: loaded using pool lzo/zbud
[    7.499084] Key type trusted registered
[    7.531185] Key type encrypted registered
[    7.756783] AppArmor: AppArmor sha1 policy hashing enabled
[    7.767180] ima: No TPM chip found, activating TPM-bypass!
[    7.769512] evm: HMAC attrs: 0x1
[    7.770370]   Magic number: 12:543:233
[    7.771151] rtc_cmos rtc_cmos: setting system clock to 2016-08-25 14:15:00 UTC (1472134500)
[    7.772544] BIOS EDD facility v0.16 2004-Jun-25, 0 devices found
[    7.773371] EDD information not available.
[    7.775203] Freeing unused kernel memory: 1480K (ffffffff81f42000 - ffffffff820b4000)
[    7.947335] Write protecting the kernel read-only data: 14336k
[    7.948850] Freeing unused kernel memory: 1832K (ffff880001836000 - ffff880001a00000)
[    7.950424] Freeing unused kernel memory: 152K (ffff880001dda000 - ffff880001e00000)
Loading, please [    7.962402] random: systemd-udevd urandom read with 3 bits of entropy available
wait...
starting version 229
[    8.010668] e1000: Intel(R) PRO/1000 Network Driver - version 7.3.21-k8-NAPI
[    8.277152] e1000: Copyright (c) 1999-2006 Intel Corporation.
[    8.353128] AVX version of gcm_enc/dec engaged.
[    8.436249] AES CTR mode by8 optimization enabled
[    8.545851] Fusion MPT base driver 3.04.20
[    8.660047] Copyright (c) 1999-2008 LSI Corporation
[    8.705575] e1000 0000:00:03.0 eth0: (PCI:33MHz:32-bit) 02:ac:55:03:5b:cb
[    8.705579] e1000 0000:00:03.0 eth0: Intel(R) PRO/1000 Network Connection
[    9.207939] e1000 0000:00:03.0 enp0s3: renamed from eth0
[    9.350900] input: ImExPS/2 Generic Explorer Mouse as /devices/platform/i8042/serio1/input/input4
[    9.353561] Fusion MPT SPI Host driver 3.04.20
[    9.357068] mptbase: ioc0: Initiating bringup
[    9.556760] ioc0: LSI53C1030 A0: Capabilities={Initiator}
[   10.240119] scsi host2: ioc0: LSI53C1030 A0, FwRev=00000000h, Ports=1, MaxQ=256, IRQ=20
[   10.588514] scsi 2:0:0:0: Direct-Access     VBOX     HARDDISK         1.0  PQ: 0 ANSI: 5
[   10.628224] scsi target2:0:0: Beginning Domain Validation
[   10.631853] scsi target2:0:0: Domain Validation skipping write tests
[   10.671396] scsi target2:0:0: Ending Domain Validation
[   10.672502] scsi target2:0:0: asynchronous
[   10.674476] scsi 2:0:1:0: Direct-Access     VBOX     HARDDISK         1.0  PQ: 0 ANSI: 5
[   10.676007] scsi target2:0:1: Beginning Domain Validation
[   10.687272] scsi target2:0:1: Domain Validation skipping write tests
[   10.688315] scsi target2:0:1: Ending Domain Validation
[   10.689268] scsi target2:0:1: asynchronous
[   10.701441] sd 2:0:0:0: [sda] 20971520 512-byte logical blocks: (10.7 GB/10.0 GiB)
[   10.927360] sd 2:0:0:0: Attached scsi generic sg0 type 0
[   10.928749] sd 2:0:1:0: Attached scsi generic sg1 type 0
[   10.928854] sd 2:0:1:0: [sdb] 20480 512-byte logical blocks: (10.5 MB/10.0 MiB)
[   10.928950] sd 2:0:0:0: [sda] Write Protect is off
[   10.928954] sd 2:0:1:0: [sdb] Write Protect is off
[   10.929047] sd 2:0:1:0: [sdb] Incomplete mode parameter data
[   10.929064] sd 2:0:1:0: [sdb] Assuming drive cache: write through
[   10.929074] sd 2:0:0:0: [sda] Incomplete mode parameter data
[   10.929075] sd 2:0:0:0: [sda] Assuming drive cache: write through
[   11.001509]  sda: sda1
[   11.002212] sd 2:0:0:0: [sda] Attached SCSI disk
[   11.008885] sd 2:0:1:0: [sdb] Attached SCSI disk
[   11.488861] floppy0: no floppy controllers found
Begin: Loading e[   12.905608] md: linear personality registered for level -1
ssential drivers[   13.083801] md: multipath personality registered for level -4
 ... [   13.157342] md: raid0 personality registered for level 0
[   13.160859] md: raid1 personality registered for level 1
[   13.234329] raid6: sse2x1   gen()  9446 MB/s
[   13.418329] raid6: sse2x1   xor()  7589 MB/s
[   13.502382] raid6: sse2x2   gen() 11989 MB/s
[   13.650356] raid6: sse2x2   xor()  8508 MB/s
[   13.738333] raid6: sse2x4   gen() 13841 MB/s
[   13.922328] raid6: sse2x4   xor() 10147 MB/s
[   14.035372] raid6: using algorithm sse2x4 gen() 13841 MB/s
[   14.110913] raid6: .... xor() 10147 MB/s, rmw enabled
[   14.202853] raid6: using ssse3x2 recovery algorithm
[   14.256978] xor: automatically using best checksumming function:
[   14.314484]    avx       : 20497.000 MB/sec
[   14.328788] async_tx: api initialized (async)
[   14.418382] md: raid6 personality registered for level 6
[   14.559877] md: raid5 personality registered for level 5
[   14.561930] md: raid4 personality registered for level 4
[   14.570437] md: raid10 personality registered for level 10
done.
Begin: Running /scripts/init-premount ... done.
Begin: Mounting root file syst[   14.683276] Btrfs loaded
em ... Begin: Running /scripts/local-top ... done.
Begin: Running /scripts/local-premount ... Scanning for Btrfs filesystems
done.
Warning: fsck not present, so skipping root file system
[   14.777686] EXT4-fs (sda1): mounted filesystem with ordered data mode. Opts: (null)
done.
Begin: Running /scripts/local-bottom ... done.
Begin: Running /scripts/init-bottom ... Warning: overlayroot: debug is busted
done.
[   15.394153] systemd[1]: systemd 229 running in system mode. (+PAM +AUDIT +SELINUX +IMA +APPARMOR +SMACK +SYSVINIT +UTMP +LIBCRYPTSETUP +GCRYPT +GNUTLS +ACL +XZ -LZ4 +SECCOMP +BLKID +ELFUTILS +KMOD -IDN)
[   15.903466] systemd[1]: Detected virtualization oracle.
[   15.924346] systemd[1]: Detected architecture x86-64.

Welcome to [1mUbuntu 16.04.1 LTS[0m!

[   15.983232] systemd[1]: Set hostname to <ubuntu>.
[   16.120837] systemd[1]: Initializing machine ID from random generator.
[   16.151398] systemd[1]: Installed transient /etc/machine-id file.
[   16.379023] random: nonblocking pool is initialized
[   16.658153] systemd[1]: Created slice User and Session Slice.
[[0;32m  OK  [0m] Created slice User and Session Slice.
[   16.782698] systemd[1]: Started Forward Password Requests to Wall Directory Watch.
[[0;32m  OK  [0m] Started Forward Password Requests to Wall Directory Watch.
[   17.129561] systemd[1]: Listening on Device-mapper event daemon FIFOs.
[[0;32m  OK  [0m] Listening on Device-mapper event daemon FIFOs.
[   17.131608] systemd[1]: Listening on udev Kernel Socket.
[[0;32m  OK  [0m] Listening on udev Kernel Socket.
[   17.208006] systemd[1]: Listening on LVM2 poll daemon socket.
[[0;32m  OK  [0m] Listening on LVM2 poll daemon socket.
[   17.209802] systemd[1]: Reached target User and Group Name Lookups.
[[0;32m  OK  [0m] Reached target User and Group Name Lookups.
[   17.211706] systemd[1]: Reached target Swap.
[[0;32m  OK  [0m] Reached target Swap.
[   17.213265] systemd[1]: Listening on Journal Audit Socket.
[[0;32m  OK  [0m] Listening on Journal Audit Socket.
[   17.215061] systemd[1]: Listening on udev Control Socket.
[[0;32m  OK  [0m] Listening on udev Control Socket.
[   17.216730] systemd[1]: Reached target Encrypted Volumes.
[[0;32m  OK  [0m] Reached target Encrypted Volumes.
[   17.218513] systemd[1]: Listening on Syslog Socket.
[[0;32m  OK  [0m] Listening on Syslog Socket.
[ 1766649] systed[1]:Seupaumot biarExutleile Formats File System Automount Point.
[[0;32m  OK  [0m] Set up automount Arbitrary Executab...ats File System Automount Point.
[   18.069181] systemd[1]: Listening on /dev/initctl Compatibility Named Pipe.
[[0;32m  OK  [0m] Listening on /dev/initctl Compatibility Named Pipe.
[   18.071287] systemd[1]: Listening on LVM2 metadata daemon socket.
[[0;32m  OK  [0m] Listening on LVM2 metadata daemon socket.
[ 18286758] systemd[1]: Listening on Journal Socket (/dev/log).
[[0;32m  OK  [0m] Listening on Journal Socket (/dev/log).
[   18.519617] systemd[1]: Created slice System Slice.
[[0;32m  OK  [0m] Created slice System Slice.
[   18.521434] systemd[1]: Created slice system-serial\x2dgetty.slice.
[[0;32m  OK  [0m] Created slice system-serial\x2dgetty.slice.
[   18.523374] systemd[1]: Reached target Slices.
[[0;32m  OK  [0m] Reached target Slices.
[ 18984]ysmd]: Listening on Journal Socket.
[[0;32m  OK  [0m] Listening on Journal Socket.
[   18.990464] systemd[1]: Mounting Debug File System...
         Mounting Debug File System...
[   19.016324] systemd[1]: Starting Monitoring of LVM2 mirrors, snapshots etc. using dmeventd or progress polling...
         Starting Monitoring of LVM2 mirrors... dmeventd or progress polling...
[   19.019373] systemd[1]: Starting Uncomplicated firewall...
         Starting Uncomplicated firewall...
[   19.054583] systemd[1]: Starting Load Kernel Modules...
[   19.215028] Loading iSCSI transport class v2.0-870.
         Starting Load Kernel Modules...[   19.357492] iscsi: registered transport (tcp)

[   19.498523] systemd[1]: Mounting Huge Pages File System...
         Mounting Huge Pages File System...
[   19.566238] systemd[1]: Starting Journal Service...
         Starting Journal Service...
[   19.642544] systemd[1]: Starting Nameserver information manager...
[   19.642889] iscsi: registered transport (iser)
         Starting Nameserver information manager...
[   20.122578] systemd[1]: Starting Remount Root and Kernel File Systems...
[   20.132557] EXT4-fs (sda1): re-mounted. Opts: (null)
         Starting Remount Root and Kernel File Systems...
[   20.151027] systemd[1]: Mounting POSIX Message Queue File System...
         Mounting POSIX Message Queue File System...
[   20.288833] systmm[[1]: Starting Create list of required static device nodes for the current kernel...
         Starting Create list of required st... nodes for the current kernel...
[   20.658533] systemd[1]: Starting Set console keymap...
         Starting Set console keymap...
[   20.701552] systemd[1]: Mounted POSIX Message Queue File System.
[[0;32m  OK  [0m] Mounted POSIX Message Queue File System.
[   20.734492] systemd[1]: Muutted Debug File System.
[[0;32m  OK  [0m] Mounted Debug File System.
[   21.110544] systemd[1]: Mounted Huge Pages File System.
[[0;32m  OK  [0m] Mounted Huge Pages File System.
[   21.308572] systemd[1]: Started Journal Service.
[[0;32m  OK  [0m] Started Journal Service.
[[0;32m  OK  [0m] Started Uncomplicated firewall.
[[0;32m  OK  [0m] Started Load Kernel Modules.
[[0;32m  OK  [0m] Started Remount Root and Kernel File Systems.
[[0;32m  OK  [0m] Started Create list of required sta...ce nodes for the current kernel.
[[0;32m  OK  [0m] Started Set console keymap.
[[0;32m  OK  [0m] Started Nameserver information manager.
[[0;32m  OK  [0m] Started LVM2 metadata daemon.
         Starting Create Static Device Nodes in /dev...
         Starting Load/Save Random Seed...
         Starting udev Coldplug all Devices...
         Mounting FUSE Control File System...
         Starting Apply Kernel Variables...
         Starting Flush Journal to Persistent Storage...
[[0;32m  OK  [0m] Mounted FUSE Control File System.
[[0;32m  OK  [0m] Started Create Static Device Nodes in /dev.
[[0;32m  OK  [0m] Started Load/Save Random Seed.
[[0;32m  OK  [0m] Started Monitoring of LVM2 mirrors,...ng dmeventd or progress polling.
[[0;32m  OK  [0m] Started Apply Kernel Variables.
[[0;32m  OK  [0m] Started udev Coldplug all Devices.
         Starting udev Kernel Device Manager...
[[0;32m  OK  [0m] Started Flush Journal to Persistent Storage.
[[0;32m  OK  [0m] Started udev Kernel Device Manager.
[[0;32m  OK  [0m] Started Dispatch Password Requests to Console Directory Watch.
[[0;32m  OK  [0m] Reached target Local File Systems (Pre).
[[0;32m  OK  [0m] Reached target Local File Systems.
         Starting Commit a transient machine-id on disk...
         Starting Set console font and keymap...
         Starting LSB: AppArmor initialization...
         Starting Tell Plymouth To Write Out Runtime Data...
         Starting Create Volatile Files and Directories...
         Starting Initial cloud-init job (pre-networking)...
[[0;32m  OK  [0m] Started Commit a transient machine-id on disk.
[[0;32m  OK  [0m] Started Tell Plymouth To Write Out Runtime Data.
[[0;32m  OK  [0m] Started Create Volatile Files and Directories.
[[0;32m  OK  [0m] Found device /dev/ttyS0.
[[0;32m  OK  [0m] Listening on Load/Save RF Kill Switch Status /dev/rfkill Watch.
         Starting Network Time Synchronization...
         Starting Update UTMP about System Boot/Shutdown...
[[0;32m  OK  [0m] Started Network Time Synchronization.
[[0;32m  OK  [0m] Reached target System Time Synchronized.
[[0;32m  OK  [0m] Started Update UTMP about System Boot/Shutdown.
[[0;1;31mFAILED[0m] Failed to start Set console font and keymap.
See 'systemctl status console-setup.service' for details.
[[0;32m  OK  [0m] Created slice system-getty.slice.
[[0;32m  OK  [0m] Started LSB: AppArmor initialization.
[[0;32m  OK  [0m] Reached target System Initialization.
         Starting LXD - unix socket.
[[0;32m  OK  [0m] Started Timer to automatically refresh installed snaps.
[[0;32m  OK  [0m] Started Daily Cleanup of Temporary Directories.
[[0;32m  OK  [0m] Listening on D-Bus System Message Bus Socket.
[[0;32m  OK  [0m] Started Daily apt activities.
[[0;32m  OK  [0m] Reached target Timers.
         Starting Socket activation for snappy daemon.
[[0;32m  OK  [0m] Listening on ACPID Listen Socket.
[[0;32m  OK  [0m] Listening on UUID daemon activation socket.
[[0;32m  OK  [0m] Started Trigger resolvconf update for networkd DNS.
[[0;32m  OK  [0m] Started ACPI Events Check.
[[0;32m  OK  [0m] Reached target Paths.
[[0;32m  OK  [0m] Listening on LXD - unix socket.
[[0;32m  OK  [0m] Listening on Socket activation for snappy daemon.
[[0;32m  OK  [0m] Reached target Sockets.
[[0;32m  OK  [0m] Reached target Basic System.
         Starting Accounts Service...
         Starting LSB: Record successful boot for GRUB...
[[0;32m  OK  [0m] Started Deferred execution scheduler.
[[0;32m  OK  [0m] Started D-Bus System Message Bus.
         Starting System Logging Service...
[[0;32m  OK  [0m] Started ACPI event daemon.
[[0;32m  OK  [0m] Started FUSE filesystem for LXC.
[[0;32m  OK  [0m] Started Snappy daemon.
[[0;32m  OK  [0m] Started Regular background program processing daemon.
         Starting Login Service...
         Starting LSB: MD monitoring daemon...
         Starting LXD - container startup/shutdown...
         Starting Authenticate and Authorize Users to Run Privileged Tasks...
[[0;32m  OK  [0m] Started Login Service.
[[0;32m  OK  [0m] Started System Logging Service.
[[0;32m  OK  [0m] Started LSB: Record successful boot for GRUB.
[[0;32m  OK  [0m] Started LSB: MD monitoring daemon.
[[0;32m  OK  [0m] Started Authenticate and Authorize Users to Run Privileged Tasks.
[[0;32m  OK  [0m] Started Accounts Service.
[[0;32m  OK  [0m] Started LXD - container startup/shutdown.
[   24.310355] cloud-init[1725]: Cloud-init v. 0.7.7 running 'init-local' at Thu, 25 Aug 2016 14:15:19 +0000. Up 23.38 seconds.
[[0;32m  OK  [0m] Started Initial cloud-init job (pre-networking).
[[0;32m  OK  [0m] Reached target Network (Pre).
         Starting Raise network interfaces...
[[0;32m  OK  [0m] Started Raise network interfaces.
         Starting Initial cloud-init job (metadata service crawler)...
[[0;32m  OK  [0m] Reached target Network.
[   26.524991] cloud-init[2031]: Cloud-init v. 0.7.7 running 'init' at Thu, 25 Aug 2016 14:15:21 +0000. Up 25.08 seconds.
[[0;32m  OK  [0m] Started Initial cloud-init job (metadata service crawler).
[[0;32m  OK  [0m] Reached target Network is Online.
[   26.602703] cloud-init[2031]: ci-info: +++++++++++++++++++++++++++++++++++++Net device info++++++++++++++++++++++++++++++++++++++
[   26.617987] cloud-init[2031]: ci-info: +--------+------+----------------------------+---------------+-------+-------------------+
[   26.634727]          Starting iSCSI initiator daemon (iscsid)...
cloud-init[2031]:          Starting /etc/rc.local Compatibility...
ci-info: | Device |  Up  |          Address           |      Mask     | Scope |     Hw-Address    |
[   26.720546]          cloud-initStarting Seed the pseudo random number generator on first boot...[2031]: 
ci-info: +--------+------+----------------------------+---------------+-------+-------------------+
[   26.785414] [cloud-init[0;32m  OK  [0m[2031]: ] ci-info: | enp0s3 | True |         10.0.2.15          | 255.255.255.0 |   .   | 02:ac:55:03:5b:cb |Reached target Cloud-config availability.

[   26.785806] cloud-init[2031]: ci-info: | enp0s3 | True | fe80::ac:55ff:fe03:5bcb/64 |       .       |  link | 02:ac:55:03:5b:cb |
[   26.935386]          Starting Apply the settings specified in cloud-config...
cloud-init[2031]: ci-info: |   lo   | True |         127.0.0.1          |   255.0.0.0   |   .   |         .         |
[   26.937523] cloud-init[2031]: ci-info: |   lo   | True |          ::1/128           |       .       |  host |         .         |
[[0;32m  OK  [0m] Started /etc/rc.local Compatibility.
[[0;32m  OK  [0m] Started iSCSI initiator daemon (iscsid).
[   27.125472] cloud-init[2031]: ci-info: +--------+------+----------------------------+---------------+-------+-------------------+
[   27.364436] cloud-init[2031]: ci-info: +++++++++++++++++++++++++++Route IPv4 info++++++++++++++++++++++++++++
[   27.364634] cloud-init[2031]: ci-info: +-------+-------------+----------+---------------+-----------+-------+
         Starting Login to default iSCSI targets...
[   27.364762] cloud-init[2031]: ci-info: | Route | Destination | Gateway  |    Genmask    | Interface | Flags |
[   27.475001] cloud-init[2031]: ci-info: +-------+-------------+----------+---------------+-----------+-------+
[   27.476604] cloud-init[2031]: ci-info: |   0   |   0.0.0.0   | 10.0.2.2 |    0.0.0.0    |   enp0s3  |   UG  |
[   27.478133] cloud-init[2031]: ci-info: |   1   |   10.0.2.0  | 0.0.0.0  | 255.255.255.0 |   enp0s3  |   U   |
[   27.524411] cloud-init[2031]: ci-info: +-------+-------------+----------+---------------+-----------+-------+
[   27.578772] cloud-init[2031]: Generating public/private rsa key pair.
[   27.580269] cloud-init[2031]: Your identification has been saved in /etc/ssh/ssh_host_rsa_key.
[   27.581958] cloud-init[2031]: Your public key has been saved in /etc/ssh/ssh_host_rsa_key.pub.
[   27.583550] cloud-init[2031]: The key fingerprint is:
[   27.632557] cloud-init[2031]: SHA256:kNl2JX0yYKrMJFH665PJYHCDp3iNPj48LhlzuII8JXQ root@ubuntu-xenial
[   27.676095] cloud-init[2031]: The key's randomart image is:
[   27.708500] cloud-init[2031]: +---[RSA 2048]----+
[   27.708739] cloud-init[2031]: |    ...   +o.    |
[[0;32m  OK  [0m] Started Login to default iSCSI targets.
[   27.708840] cloud-init[2031]: |     o + o o+ .  |
[   27.834121] cloud-init[2031]: |   .o = + .  +   |
[   27.834293] cloud-init[2031]: | .oE+* + .       |
[   27.834399] cloud-init[2031]: |.o.B .= S        |
[   27.834490] cloud-init[2031]: |=.=.+  .         |
[   27.834590] cloud-init[2031]: |oXo. o.o         |
[   27.834689] cloud-init[2031]: |*o*  .=          |
[   27.834789] cloud-init[2031]: |.+++  ..         |
[   27.835107] cloud-init[2031]: +----[SHA256]-----+
[   27.835191] cloud-init[2031]: Generating public/private dsa key pair.
[   27.835290] cloud-init[2031]: Your identification has been saved in /etc/ssh/ssh_host_dsa_key.
[   27.835389] cloud-init[2031]: Your public key has been saved in /etc/ssh/ssh_host_dsa_key.pub.
[   27.835491] cloud-init[2031]: The key fingerprint is:
[   27.835591] cloud-init[2031]: SHA256:tFcapnzSrrr1FZ9QM39q52kkf6lHca38li6cf6/0wH0 root@ubuntu-xenial
[   27.835688] cloud-init[2031]: The key's randomart image is:
[   27.835790] cloud-init[2031]: +---[DSA 1024]----+
[   27.835887] cloud-init[2031]: |                 |
[   27.835986] cloud-init[2031]: |                 |
[   27.836203] cloud-init[2031]: |        . o . + .|
[   27.836297] cloud-init[2031]: |       o = + . =o|
[   27.836397] cloud-init[2031]: |        S = o. .=|
[   27.836496] cloud-init[2031]: |         =   *o*.|
[   27.836592] cloud-init[2031]: |        . . o #.E|
[   27.836697] cloud-init[2031]: |       . o . * @B|
[   27.836799] cloud-init[2031]: |      oo. .  .O*B|
[[0;32m  OK  [0m] Reached target Remote File Systems (Pre).
[[   27.837075] cloud-init[2031]: +----[SHA256]-----+
[   27.938213] cloud-init[2031]: Generating public/private ecdsa key pair.
[   27.938355] cloud-init[2031]: Your identification has been saved in /etc/ssh/ssh_host_ecdsa_key.
[   27.938455] cloud-init[2031]: Your public key has been saved in /etc/ssh/ssh_host_ecdsa_key.pub.
[   27.938555] cloud-init[2031]: The key fingerprint is:
[   27.938654] cloud-init[2031]: SHA256:76cnqH2H3e3YlByy2WVxEN/nzuu+GA1SYGFS3rtL2hM root@ubuntu-xenial
[   27.938754] cloud-init[2031]: The key's randomart image is:
[   27.938864] cloud-init[2031]: +---[ECDSA 256]---+
[   27.938958] cloud-init[2031]: |         ..*. o. |
[   27.939057] cloud-init[2031]: |          = o  o.|
[   27.939156] cloud-init[2031]: |           . o .=|
[   27.939255] cloud-init[2031]: |            . ..+|
[   27.939360] cloud-init[2031]: |        S  . + .+|
[   27.939472] cloud-init[2031]: |         .  .EX++|
[   27.939566] cloud-init[2031]: |         ..o B.*+|
[   27.939664] cloud-init[2031]: |       ...+ O.=+o|
[   27.939761] cloud-init[2031]: |      ....oB +=*+|
[   27.939860] cloud-init[2031]: +----[SHA256]-----+
[   27.939968] cloud-init[2031]: Generating public/private ed25519 key pair.
[   27.940418] cloud-init[2031]: Your identification has been saved in /etc/ssh/ssh_host_ed25519_key.
[   27.940601] cloud-init[2031]: Your public key has been saved in /etc/ssh/ssh_host_ed25519_key.pub.
[   27.940702] cloud-init[2031]: The key fingerprint is:
[   27.940848] cloud-init[2031]: SHA256:R7WG8WY1w1cB6e+tBR1pzCiirOVyZgWFhWYEIu/Nl34 root@ubuntu-xenial
[0;32m  OK  [0m] Reached target Remote File Systems.
[   27.940908] cloud-init[2031]: The key's randomart image is:
[   28.180419] cloud-init[2031]: +--[ED25519 256]--+
[   28.232381] cloud-init[2031]: | . . .o.+o. .o*.+|
[   28.232680] cloud-init[2031]: |  o .  =.  = +=oo|
         Starting Permit User Sessions...
[   28.232815] cloud-init[2031]: |   .  o. .o.B. B |
[   28.372931] cloud-init[2031]: |  . o . +..+.....|
[   28.373264] cloud-init[2031]: |   . o *S..   o .|
         Starting LSB: Set the CPU Frequency Scaling governor to "ondemand"...
[   28.373422] cloud-init[2031]: |      * ..     o |
[   28.640310] cloud-init[2031]: |     o * E    . o|
[   28.640545] cloud-init[2031]: |      = .      o.|
         Starting LSB: daemon to balance interrupts for SMP systems...
[   28.640658] cloud-init[2031]: |              .. |
[   28.728550] cloud-init[2031]: +----[SHA256]-----+
         Starting LSB: automatic crash report generation...
[   28.732884] cloud-init[2141]: Generating locales (this might take a while)...
[   28.840516] cloud-init[2141]:   en_US.UTF-8... done
[   28.840844] cloud-init[2141]: Generation complete.
[[0;32m  OK  [0m] Started Permit User Sessions.
[[0;32m  OK  [0m] Started LSB: Set the CPU Frequency Scaling governor to "ondemand".
         Starting Terminate Plymouth Boot Screen...
         Starting Hold until boot process finishes up...
[[0;32m  OK  [0m] Started LSB: daemon to balance interrupts for SMP systems.
[[0;32m  OK  [0m] Started LSB: automatic crash report generation.
[[0;32m  OK  [0m] Started Terminate Plymouth Boot Screen.
[[0;32m  OK  [0m] Started Hold until boot process finishes up.
[[0;32m  OK  [0m] Stopped OpenBSD Secure Shell server.
         Starting OpenBSD Secure Shell server...
         Starting Set console scheme...
[[0;32m  OK  [0m] Started Serial Getty on ttyS0.
[[0;32m  OK  [0m] Started Getty on tty1.
[[0;32m  OK  [0m] Reached target Login Prompts.
[[0;32m  OK  [0m] Started OpenBSD Secure Shell server.
[[0;32m  OK  [0m] Started Set console scheme.
[[0;32m  OK  [0m] Started Seed the pseudo random number generator on first boot.
[   30.147409] cloud-init[2141]: Cloud-init v. 0.7.7 running 'modules:config' at Thu, 25 Aug 2016 14:15:23 +0000. Up 27.19 seconds.
[[0;32m  OK  [0m] Started Apply the settings specified in cloud-config.
         Starting Execute cloud user/final scripts...
ci-info: no authorized ssh keys fingerprints found for user ubuntu.
<14>Aug 25 14:15:27 ec2: 
<14>Aug 25 14:15:27 ec2: #############################################################
<14>Aug 25 14:15:27 ec2: -----BEGIN SSH HOST KEY FINGERPRINTS-----
<14>Aug 25 14:15:27 ec2: 1024 SHA256:tFcapnzSrrr1FZ9QM39q52kkf6lHca38li6cf6/0wH0 root@ubuntu-xenial (DSA)
<14>Aug 25 14:15:27 ec2: 256 SHA256:76cnqH2H3e3YlByy2WVxEN/nzuu+GA1SYGFS3rtL2hM root@ubuntu-xenial (ECDSA)
<14>Aug 25 14:15:27 ec2: 256 SHA256:R7WG8WY1w1cB6e+tBR1pzCiirOVyZgWFhWYEIu/Nl34 root@ubuntu-xenial (ED25519)
<14>Aug 25 14:15:27 ec2: 2048 SHA256:kNl2JX0yYKrMJFH665PJYHCDp3iNPj48LhlzuII8JXQ root@ubuntu-xenial (RSA)
<14>Aug 25 14:15:27 ec2: -----END SSH HOST KEY FINGERPRINTS-----
<14>Aug 25 14:15:27 ec2: #############################################################
-----BEGIN SSH HOST KEY KEYS-----
ecdsa-sha2-nistp256 AAAAE2VjZHNhLXNoYTItbmlzdHAyNTYAAAAIbmlzdHAyNTYAAABBBN/AQnsjF6zaXBeSjl+zPSVfdvNkwtAyiNlM1N0YGWNIPFEc0bgoIXqTCM2vT0ho/G7dZPWsDvTE0gtMLW31jAA= root@ubuntu-xenial
ssh-ed25519 AAAAC3NzaC1lZDI1NTE5AAAAIL0nVuTvxqwQ9YJKaB5WwZaPto9clPNUy/JjvtpY9Ky6 root@ubuntu-xenial
ssh-rsa AAAAB3NzaC1yc2EAAAADAQABAAABAQDKRYDO+DJDmREFE8dnv9x0JmeOLXTng/iaPS6C7rJLSHbRhQjHflm/K2pukt0yUYJ7PJq937aCKCRgyJQvxkXlB0fdsYSJPNP3ettkI5pTEHH4UyDNfldSj6Ae+KffE8lr0LDVI+KRskbkRYb+Q18LUyi9CDecv6P0MoRyD1uFTzvNA57EuO2uebY/prWMYnT8SjoE9FSMhWIItiWuGwtu405yFQ75Ds3cr5AMoyQwEuhg9wDThxKCie4pngDxM8/rHIsCB7g68QcXNi5xrFpIPMyy3xy7IiyFE0fQqyWKWhD4iB1jOdtR85t1NTSUWzejOVSIS1Q3MAN6iW2yRJKl root@ubuntu-xenial
-----END SSH HOST KEY KEYS-----
[[0;32m  OK  [0m] Created slice User Slice of ubuntu.
[[0;32m  OK  [0m] Started Execute cloud user/final scripts.
[   31.808698] cloud-init[2289]: Cloud-init v. 0.7.7 running 'modules:final' at Thu, 25 Aug 2016 14:15:26 +0000. Up 30.61 seconds.
[   31.896614] cloud-init[2289]: ci-info: no authorized ssh keys fingerprints found for user ubuntu.
[   31.898118] cloud-init[2289]: Cloud-init v. 0.7.7 finished at Thu, 25 Aug 2016 14:15:28 +0000. Datasource DataSourceNoCloud [seed=/dev/sdb][dsmode=net].  Up 31.79 seconds
         Starting User Manager for UID 1000...
[[0;32m  OK  [0m] Reached target Cloud-init target.
[[0;32m  OK  [0m] Reached target Multi-User System.
[[0;32m  OK  [0m] Reached target Graphical Interface.
         Starting Update UTMP about System Runlevel Changes...
[[0;32m  OK  [0m] Started User Manager for UID 1000.
[[0;32m  OK  [0m] Started Update UTMP about System Runlevel Changes.

Ubuntu 16.04.1 LTS ubuntu-xenial ttyS0

ubuntu-xenial login: 